c:\users\user\documents\visual studio 2015\projects\airplanes\airplanes\x64\debug\vc140.pdb
c:\users\user\documents\visual studio 2015\projects\airplanes\airplanes\x64\debug\myrect.obj
c:\users\user\documents\visual studio 2015\projects\airplanes\airplanes\x64\debug\main.obj
c:\users\user\documents\visual studio 2015\projects\airplanes\airplanes\x64\debug\moc_myrect.obj
c:\users\user\documents\visual studio 2015\projects\airplanes\airplanes\x64\debug\game.obj
c:\users\user\documents\visual studio 2015\projects\airplanes\airplanes\x64\debug\enemy.obj
c:\users\user\documents\visual studio 2015\projects\airplanes\airplanes\x64\debug\bullets.obj
c:\users\user\documents\visual studio 2015\projects\airplanes\airplanes\x64\debug\score.obj
c:\users\user\documents\visual studio 2015\projects\airplanes\airplanes\x64\debug\health.obj
c:\users\user\documents\visual studio 2015\projects\airplanes\airplanes\x64\debug\moc_enemy.obj
c:\users\user\documents\visual studio 2015\projects\airplanes\airplanes\x64\debug\moc_bullets.obj
c:\users\user\documents\visual studio 2015\projects\airplanes\airplanes\x64\debug\qrc_res.obj
c:\users\user\documents\visual studio 2015\projects\airplanes\airplanes\generatedfiles\qrc_res.cpp
c:\users\user\documents\visual studio 2015\projects\airplanes\airplanes\generatedfiles\debug\moc_bullets.cpp
c:\users\user\documents\visual studio 2015\projects\airplanes\airplanes\generatedfiles\debug\moc_enemy.cpp
c:\users\user\documents\visual studio 2015\projects\airplanes\airplanes\generatedfiles\debug\moc_myrect.cpp
c:\users\user\documents\visual studio 2015\projects\airplanes\x64\debug\airplanes.pdb
c:\users\user\documents\visual studio 2015\projects\airplanes\airplanes\x64\debug\airplanes.tlog\cl.command.1.tlog
c:\users\user\documents\visual studio 2015\projects\airplanes\airplanes\x64\debug\airplanes.tlog\cl.read.1.tlog
c:\users\user\documents\visual studio 2015\projects\airplanes\airplanes\x64\debug\airplanes.tlog\cl.write.1.tlog
c:\users\user\documents\visual studio 2015\projects\airplanes\airplanes\x64\debug\airplanes.tlog\custombuild.command.1.tlog
c:\users\user\documents\visual studio 2015\projects\airplanes\airplanes\x64\debug\airplanes.tlog\custombuild.read.1.tlog
c:\users\user\documents\visual studio 2015\projects\airplanes\airplanes\x64\debug\airplanes.tlog\custombuild.write.1.tlog
c:\users\user\documents\visual studio 2015\projects\airplanes\airplanes\x64\debug\airplanes.tlog\link-cvtres.read.1.tlog
c:\users\user\documents\visual studio 2015\projects\airplanes\airplanes\x64\debug\airplanes.tlog\link-cvtres.write.1.tlog
c:\users\user\documents\visual studio 2015\projects\airplanes\airplanes\x64\debug\airplanes.tlog\link-rc.read.1.tlog
c:\users\user\documents\visual studio 2015\projects\airplanes\airplanes\x64\debug\airplanes.tlog\link-rc.write.1.tlog
c:\users\user\documents\visual studio 2015\projects\airplanes\airplanes\x64\debug\airplanes.tlog\link.6632-cvtres.read.1.tlog
c:\users\user\documents\visual studio 2015\projects\airplanes\airplanes\x64\debug\airplanes.tlog\link.6632-cvtres.write.1.tlog
c:\users\user\documents\visual studio 2015\projects\airplanes\airplanes\x64\debug\airplanes.tlog\link.6632-rc.read.1.tlog
c:\users\user\documents\visual studio 2015\projects\airplanes\airplanes\x64\debug\airplanes.tlog\link.6632-rc.write.1.tlog
c:\users\user\documents\visual studio 2015\projects\airplanes\airplanes\x64\debug\airplanes.tlog\link.6632.read.1.tlog
c:\users\user\documents\visual studio 2015\projects\airplanes\airplanes\x64\debug\airplanes.tlog\link.6632.write.1.tlog
c:\users\user\documents\visual studio 2015\projects\airplanes\airplanes\x64\debug\airplanes.tlog\link.command.1.tlog
c:\users\user\documents\visual studio 2015\projects\airplanes\airplanes\x64\debug\airplanes.tlog\link.read.1.tlog
c:\users\user\documents\visual studio 2015\projects\airplanes\airplanes\x64\debug\airplanes.tlog\link.write.1.tlog
